<?xml version="1.0" encoding="UTF-8"?>
<testng-results skipped="0" failed="1" total="1" passed="0">
  <reporter-output>
  </reporter-output>
  <suite name="Default suite" duration-ms="48674" started-at="2018-05-29T01:35:02Z" finished-at="2018-05-29T01:35:51Z">
    <groups>
      <group name="A">
        <method signature="CPNI_Tests.CPNI_SpectrumPrimary()[pri:0, instance:test_Cases.CPNI_Tests@5ca609]" name="CPNI_SpectrumPrimary" class="test_Cases.CPNI_Tests"/>
      </group> <!-- A -->
      <group name="B">
        <method signature="CPNI_Tests.CPNI_SpectrumPrimary()[pri:0, instance:test_Cases.CPNI_Tests@5ca609]" name="CPNI_SpectrumPrimary" class="test_Cases.CPNI_Tests"/>
      </group> <!-- B -->
    </groups>
    <test name="Default test" duration-ms="48674" started-at="2018-05-29T01:35:02Z" finished-at="2018-05-29T01:35:51Z">
      <class name="test_Cases.CPNI_Tests">
        <test-method status="PASS" signature="launchBrowser()[pri:0, instance:test_Cases.CPNI_Tests@5ca609]" name="launchBrowser" is-config="true" duration-ms="7407" started-at="2018-05-28T19:35:02Z" finished-at="2018-05-28T19:35:10Z">
          <reporter-output>
          </reporter-output>
        </test-method> <!-- launchBrowser -->
        <test-method status="PASS" signature="verifyLoginpageTitle()[pri:0, instance:test_Cases.CPNI_Tests@5ca609]" name="verifyLoginpageTitle" is-config="true" duration-ms="11" started-at="2018-05-28T19:35:10Z" finished-at="2018-05-28T19:35:10Z">
          <reporter-output>
          </reporter-output>
        </test-method> <!-- verifyLoginpageTitle -->
        <test-method status="FAIL" signature="CPNI_SpectrumPrimary()[pri:0, instance:test_Cases.CPNI_Tests@5ca609]" name="CPNI_SpectrumPrimary" duration-ms="38779" started-at="2018-05-28T19:35:10Z" description="CPNI Test Flows for Primary User xxx_22" finished-at="2018-05-28T19:35:48Z">
          <exception class="java.lang.AssertionError">
            <message>
              <![CDATA[Save Password Failed expected [true] but found [false]]]>
            </message>
            <full-stacktrace>
              <![CDATA[java.lang.AssertionError: Save Password Failed expected [true] but found [false]
	at org.testng.Assert.fail(Assert.java:94)
	at org.testng.Assert.failNotEquals(Assert.java:513)
	at org.testng.Assert.assertTrue(Assert.java:42)
	at utilities.Framework.editPasswordInfo(Framework.java:102)
	at test_Cases.CPNI_Tests.CPNI_SpectrumPrimary(CPNI_Tests.java:78)
	at sun.reflect.NativeMethodAccessorImpl.invoke0(Native Method)
	at sun.reflect.NativeMethodAccessorImpl.invoke(Unknown Source)
	at sun.reflect.DelegatingMethodAccessorImpl.invoke(Unknown Source)
	at java.lang.reflect.Method.invoke(Unknown Source)
	at org.testng.internal.MethodInvocationHelper.invokeMethod(MethodInvocationHelper.java:100)
	at org.testng.internal.InvokeMethodRunnable.runOne(InvokeMethodRunnable.java:54)
	at org.testng.internal.InvokeMethodRunnable.run(InvokeMethodRunnable.java:44)
	at java.util.concurrent.Executors$RunnableAdapter.call(Unknown Source)
	at java.util.concurrent.FutureTask.run(Unknown Source)
	at java.util.concurrent.ThreadPoolExecutor.runWorker(Unknown Source)
	at java.util.concurrent.ThreadPoolExecutor$Worker.run(Unknown Source)
	at java.lang.Thread.run(Unknown Source)
]]>
            </full-stacktrace>
          </exception> <!-- java.lang.AssertionError -->
          <reporter-output>
          </reporter-output>
        </test-method> <!-- CPNI_SpectrumPrimary -->
        <test-method status="PASS" signature="testIT(org.testng.ITestResult)[pri:0, instance:test_Cases.CPNI_Tests@5ca609]" name="testIT" is-config="true" duration-ms="554" started-at="2018-05-28T19:35:48Z" finished-at="2018-05-28T19:35:49Z">
          <params>
            <param index="0">
              <value>
                <![CDATA[[TestResult name=CPNI_SpectrumPrimary status=FAILURE method=CPNI_Tests.CPNI_SpectrumPrimary()[pri:0, instance:test_Cases.CPNI_Tests@5ca609] output={null}]]]>
              </value>
            </param>
          </params>
          <reporter-output>
          </reporter-output>
        </test-method> <!-- testIT -->
        <test-method status="PASS" signature="tearDown()[pri:0, instance:test_Cases.CPNI_Tests@5ca609]" name="tearDown" is-config="true" duration-ms="1900" started-at="2018-05-28T19:35:49Z" finished-at="2018-05-28T19:35:51Z">
          <reporter-output>
          </reporter-output>
        </test-method> <!-- tearDown -->
      </class> <!-- test_Cases.CPNI_Tests -->
    </test> <!-- Default test -->
  </suite> <!-- Default suite -->
</testng-results>
